<?xml version="1.0" encoding="UTF-8"?>
<testsuite xmlns:xsi="http://www.w3.org/2001/XMLSchema-instance" xsi:noNamespaceSchemaLocation="https://maven.apache.org/surefire/maven-surefire-plugin/xsd/surefire-test-report-3.0.xsd" version="3.0" name="com.njangi.statistiques.service.StatistiqueServiceTest" time="0.531" tests="8" errors="0" skipped="0" failures="0">
  <properties>
[...]
</properties>
  <testcase name="testEnregistrerReunion" classname="com.njangi.statistiques.service.StatistiqueServiceTest" time="0.419">
    <system-out><![CDATA[2026-09-14T16:31:43.918+04:00  INFO 7172 --- [ms-statistiques] [           main] c.n.s.service.StatistiqueService         : Agrégation réunion groupeId=0d8a454c-9d2e-4588-8564-9d9ecd0d48c7 sessionId=76e9da44-50a6-487f-a317-1eb4dfd09d44 presents=8/10
]]></system-out>
  </testcase>
  <testcase name="testGenererBilanFinancier" classname="com.njangi.statistiques.service.StatistiqueServiceTest" time="0.008"/>
  <testcase name="testEnregistrerDecaissement" classname="com.njangi.statistiques.service.StatistiqueServiceTest" time="0.005">
    <system-out><![CDATA[2026-09-14T16:31:44.017+04:00  INFO 7172 --- [ms-statistiques] [           main] c.n.s.service.StatistiqueService         : Agrégation décaissement pot/secours groupeId=d0623be0-b1cc-4443-bf96-60a2275323cd sessionId=6e9ab007-3fcc-4a7d-9e13-4c8e019749c7 montant=80000
]]></system-out>
  </testcase>
  <testcase name="testFindByGroupeAndSessionNotFound" classname="com.njangi.statistiques.service.StatistiqueServiceTest" time="0.012"/>
  <testcase name="testCalculer" classname="com.njangi.statistiques.service.StatistiqueServiceTest" time="0.017">
    <system-out><![CDATA[2026-09-14T16:31:44.038+04:00  INFO 7172 --- [ms-statistiques] [           main] c.n.s.service.StatistiqueService         : Recalcul forcé des statistiques pour groupeId=ee62901b-6d00-43ee-bf39-023b439e62c3 sessionId=223998ff-0d1e-47ea-8b8f-1baa54f7068c
]]></system-out>
  </testcase>
  <testcase name="testEnregistrerCotisationCash" classname="com.njangi.statistiques.service.StatistiqueServiceTest" time="0.005">
    <system-out><![CDATA[2026-09-14T16:31:44.056+04:00  INFO 7172 --- [ms-statistiques] [           main] c.n.s.service.StatistiqueService         : Agrégation cotisation groupeId=1113bdf4-73a4-4c4d-8d13-ac7bb1750967 sessionId=4b400582-43f2-408d-bfaf-0daa76252241 montant=50000 mode=CASH
]]></system-out>
  </testcase>
  <testcase name="testEnregistrerCotisationMomo" classname="com.njangi.statistiques.service.StatistiqueServiceTest" time="0.028">
    <system-out><![CDATA[2026-09-14T16:31:44.072+04:00  INFO 7172 --- [ms-statistiques] [           main] c.n.s.service.StatistiqueService         : Agrégation cotisation groupeId=4a15c5c2-e74f-4b84-9b4c-dafd9fb903f8 sessionId=be8d0356-e50d-40de-8ec5-51607cdb296b montant=25000 mode=MTN_MOMO
]]></system-out>
  </testcase>
  <testcase name="testEnregistrerPenalite" classname="com.njangi.statistiques.service.StatistiqueServiceTest" time="0.005">
    <system-out><![CDATA[2026-09-14T16:31:44.102+04:00  INFO 7172 --- [ms-statistiques] [           main] c.n.s.service.StatistiqueService         : Agrégation pénalité groupeId=a605ad68-e6ac-437f-869a-664b7fc690c1 sessionId=e81ae57e-d35e-41a1-926b-8a61c318f01d montant=5000
]]></system-out>
  </testcase>
</testsuite>